<?xml version="1.0" encoding="UTF-8"?>
<!-- Generated by org.testng.reporters.JUnitXMLReporter -->
<testsuite ignored="2" hostname="DESKTOP-1MJ0DPP" failures="0" tests="6" name="Test1" time="0.115" errors="0" timestamp="2023-06-20T15:18:32 IST">
  <testcase classname="TestNG.Ex_Grouping1" name="TC1" time="0.026"/>
  <testcase classname="TestNG.Ex_Grouping1" name="TC2" time="0.002"/>
  <testcase classname="TestNG.Ex_Grouping1" name="TC3" time="0.002"/>
  <testcase classname="TestNG.Ex_Grouping2" name="TC1" time="0.002"/>
  <testcase classname="TestNG.Ex_Grouping2" name="TC2" time="0.002"/>
  <testcase classname="TestNG.Ex_Grouping2" name="TC3" time="0.003"/>
  <testcase classname="TestNG.Ex_Grouping2" name="TC4" time="0.0">
    <ignored/>
  </testcase> <!-- TC4 -->
  <testcase classname="TestNG.Ex_Grouping1" name="TC4" time="0.0">
    <ignored/>
  </testcase> <!-- TC4 -->
</testsuite> <!-- Test1 -->
