<?xml version="1.0" encoding="UTF-8"?>
<!-- Generated by org.testng.reporters.JUnitXMLReporter -->
<testsuite ignored="0" hostname="DESKTOP-1MJ0DPP" failures="0" tests="6" name="Test" time="0.14" errors="0" timestamp="2023-06-09T20:45:36 IST">
  <testcase classname="TestNG.Ex_Testsuit2" name="TC4" time="0.018"/>
  <testcase classname="TestNG.Ex_Testsuit2" name="TC5" time="0.006"/>
  <testcase classname="TestNG.Ex_Testsuit2" name="TC6" time="0.002"/>
  <testcase classname="TestNG.Ex_TestSuit1" name="TC1" time="0.002"/>
  <testcase classname="TestNG.Ex_TestSuit1" name="TC2" time="0.005"/>
  <testcase classname="TestNG.Ex_TestSuit1" name="TC3" time="0.004"/>
</testsuite> <!-- Test -->
